<?xml version="1.0" encoding="UTF-8"?>
<!-- Generated by org.testng.reporters.JUnitReportReporter -->
<testsuite hostname="user-PC" name="com.testclass.bsepagetest" tests="1" failures="0" timestamp="25 Jul 2015 19:08:04 GMT" time="27.402" errors="0">
  <testcase name="testSearch" time="27.402" classname="com.testclass.bsepagetest"/>
</testsuite> <!-- com.testclass.bsepagetest -->
